<?xml version="1.0" encoding="UTF-8"?>
<testsuite name="TestSuite" time="0.061" tests="2" errors="0" skipped="0" failures="1">
  <properties>
    <property name="java.runtime.name" value="Java(TM) SE Runtime Environment"/>
    <property name="sun.boot.library.path" value="C:\AeroFS\Java64\jdk1.7.0_25_x64\jre\bin"/>
    <property name="java.vm.version" value="23.25-b01"/>
    <property name="java.vm.vendor" value="Oracle Corporation"/>
    <property name="java.vendor.url" value="http://java.oracle.com/"/>
    <property name="path.separator" value=";"/>
    <property name="guice.disable.misplaced.annotation.check" value="true"/>
    <property name="java.vm.name" value="Java HotSpot(TM) 64-Bit Server VM"/>
    <property name="file.encoding.pkg" value="sun.io"/>
    <property name="user.script" value=""/>
    <property name="user.country" value="US"/>
    <property name="sun.java.launcher" value="SUN_STANDARD"/>
    <property name="sun.os.patch.level" value=""/>
    <property name="java.vm.specification.name" value="Java Virtual Machine Specification"/>
    <property name="user.dir" value="C:\Eclipse64\workspace\testng-api-framework"/>
    <property name="java.runtime.version" value="1.7.0_25-b17"/>
    <property name="java.awt.graphicsenv" value="sun.awt.Win32GraphicsEnvironment"/>
    <property name="java.endorsed.dirs" value="C:\AeroFS\Java64\jdk1.7.0_25_x64\jre\lib\endorsed"/>
    <property name="os.arch" value="amd64"/>
    <property name="java.io.tmpdir" value="C:\Users\austenjt\AppData\Local\Temp\"/>
    <property name="line.separator" value="&#10;"/>
    <property name="java.vm.specification.vendor" value="Oracle Corporation"/>
    <property name="user.variant" value=""/>
    <property name="os.name" value="Windows 8"/>
    <property name="classworlds.conf" value="C:\Eclipse64\workspace\.metadata\.plugins\org.eclipse.m2e.launching\launches\m2conf6252595489373409983.tmp"/>
    <property name="sun.jnu.encoding" value="Cp1252"/>
    <property name="java.library.path" value="C:\AeroFS\Java64\jdk1.7.0_25_x64\bin;C:\WINDOWS\Sun\Java\bin;C:\WINDOWS\system32;C:\WINDOWS;C:\Program Files (x86)\NVIDIA Corporation\PhysX\Common;C:\AeroFS\Java64\jdk1.7.0_45_x64\bin;C:\Program Files (x86)\Intel\iCLS Client\;C:\Program Files\Intel\iCLS Client\;C:\Program Files\Broadcom\Broadcom 802.11 Network Adapter\Driver;;C:\WINDOWS\system32;C:\WINDOWS;C:\WINDOWS\System32\Wbem;C:\WINDOWS\System32\WindowsPowerShell\v1.0\;C:\Program Files (x86)\Intel\OpenCL SDK\3.0\bin\x86;C:\Program Files (x86)\Intel\OpenCL SDK\3.0\bin\x64;C:\Program Files\Intel\Intel(R) Management Engine Components\DAL;C:\Program Files\Intel\Intel(R) Management Engine Components\IPT;C:\Program Files (x86)\Intel\Intel(R) Management Engine Components\DAL;C:\Program Files (x86)\Intel\Intel(R) Management Engine Components\IPT;C:\Program Files\WIDCOMM\Bluetooth Software\;C:\Program Files\WIDCOMM\Bluetooth Software\syswow64;C:\AeroFS\JAVA\gradle-1.9\bin;C:\AeroFS\JAVA\groovy-2.2.1\bin;C:\AeroFS\JAVA\apache-maven-3.1.1\bin;."/>
    <property name="java.specification.name" value="Java Platform API Specification"/>
    <property name="java.class.version" value="51.0"/>
    <property name="sun.management.compiler" value="HotSpot 64-Bit Tiered Compilers"/>
    <property name="os.version" value="6.2"/>
    <property name="user.home" value="C:\Users\austenjt"/>
    <property name="user.timezone" value="America/Los_Angeles"/>
    <property name="java.awt.printerjob" value="sun.awt.windows.WPrinterJob"/>
    <property name="java.specification.version" value="1.7"/>
    <property name="file.encoding" value="Cp1252"/>
    <property name="user.name" value="austenjt"/>
    <property name="java.class.path" value="C:\AeroFS\JAVA\apache-maven-3.1.1\boot\plexus-classworlds-2.5.1.jar"/>
    <property name="org.slf4j.simpleLogger.defaultLogLevel" value="info"/>
    <property name="java.vm.specification.version" value="1.7"/>
    <property name="sun.arch.data.model" value="64"/>
    <property name="java.home" value="C:\AeroFS\Java64\jdk1.7.0_25_x64\jre"/>
    <property name="sun.java.command" value="org.codehaus.classworlds.Launcher -B test"/>
    <property name="java.specification.vendor" value="Oracle Corporation"/>
    <property name="user.language" value="en"/>
    <property name="awt.toolkit" value="sun.awt.windows.WToolkit"/>
    <property name="java.vm.info" value="mixed mode"/>
    <property name="java.version" value="1.7.0_25"/>
    <property name="java.ext.dirs" value="C:\AeroFS\Java64\jdk1.7.0_25_x64\jre\lib\ext;C:\WINDOWS\Sun\Java\lib\ext"/>
    <property name="sun.boot.class.path" value="C:\AeroFS\Java64\jdk1.7.0_25_x64\jre\lib\resources.jar;C:\AeroFS\Java64\jdk1.7.0_25_x64\jre\lib\rt.jar;C:\AeroFS\Java64\jdk1.7.0_25_x64\jre\lib\sunrsasign.jar;C:\AeroFS\Java64\jdk1.7.0_25_x64\jre\lib\jsse.jar;C:\AeroFS\Java64\jdk1.7.0_25_x64\jre\lib\jce.jar;C:\AeroFS\Java64\jdk1.7.0_25_x64\jre\lib\charsets.jar;C:\AeroFS\Java64\jdk1.7.0_25_x64\jre\lib\jfr.jar;C:\AeroFS\Java64\jdk1.7.0_25_x64\jre\classes"/>
    <property name="java.vendor" value="Oracle Corporation"/>
    <property name="maven.home" value="C:\AeroFS\JAVA\apache-maven-3.1.1"/>
    <property name="file.separator" value="\"/>
    <property name="java.vendor.url.bug" value="http://bugreport.sun.com/bugreport/"/>
    <property name="maven.bootclasspath" value="C:\AeroFS\JAVA\apache-maven-3.1.1\boot\plexus-classworlds-2.5.1.jar"/>
    <property name="sun.cpu.endian" value="little"/>
    <property name="sun.io.unicode.encoding" value="UnicodeLittle"/>
    <property name="sun.desktop" value="windows"/>
    <property name="sun.cpu.isalist" value="amd64"/>
  </properties>
  <testcase name="testJson" classname="test.sample.TestJson" time="0.017"/>
  <testcase name="testXml" classname="test.sample.TestJson" time="0.044">
    <failure message="No element/attribute name specified when trying to output element" type="java.lang.IllegalStateException">java.lang.IllegalStateException: No element/attribute name specified when trying to output element
	at com.fasterxml.jackson.dataformat.xml.ser.ToXmlGenerator.handleMissingName(ToXmlGenerator.java:1042)
	at com.fasterxml.jackson.dataformat.xml.ser.ToXmlGenerator._handleStartObject(ToXmlGenerator.java:432)
	at com.fasterxml.jackson.dataformat.xml.util.DefaultXmlPrettyPrinter.writeStartObject(DefaultXmlPrettyPrinter.java:198)
	at com.fasterxml.jackson.dataformat.xml.ser.ToXmlGenerator.writeStartObject(ToXmlGenerator.java:406)
	at test.sample.TestJson.testXml(TestJson.java:69)
</failure>
  </testcase>
</testsuite>